<?xml version="1.0" encoding="UTF-8"?>
<testsuite name="tests.FacilitatorProviderLinkClientTest" tests="5" skipped="0" failures="0" errors="0" timestamp="2021-08-09T08:45:51" hostname="isaac" time="89.092">
  <properties/>
  <testcase name="t1_signup_conso_should_work()" classname="tests.FacilitatorProviderLinkClientTest" time="45.116"/>
  <testcase name="t1_signup_provider_should_work()" classname="tests.FacilitatorProviderLinkClientTest" time="19.091"/>
  <testcase name="t0_should_contain_button()" classname="tests.FacilitatorProviderLinkClientTest" time="0.747"/>
  <testcase name="t2_login_conso_should_work()" classname="tests.FacilitatorProviderLinkClientTest" time="8.983"/>
  <testcase name="t2_login_provider_should_work()" classname="tests.FacilitatorProviderLinkClientTest" time="15.097"/>
  <system-out><![CDATA[Enregistrement termine
Enregistrement termine
current provider :{"password":"test","reponse_secrete":"is","identifiant":"test0conso","name":"test0conso","wallets":[],"id":32,"invite":null,"question_secrete":"Who","address_mail":"mail@example.com"}
[]
test0conso
[]
[]
current provider :{"number":690909090,"password":"test","reponse_secrete":"test","city":"test","street":"test","company_name":"test0pro","identifiant":"test0pro","id":33,"postal_code":12,"question_secrete":"test","address_mail":"mail@example.com"}
[{"id":32,"address_mail":"mail@example.com","name":"test0conso","password":"test","question_secrete":"Who","reponse_secrete":"is","identifiant":"test0conso","wallets":[],"invite":null}]
[]
client modifie
Execution de la fonction inittable
resultat {"id":32,"address_mail":"mail@example.com","name":"test0conso","password":"test","question_secrete":"Who","reponse_secrete":"is","identifiant":"test0conso","wallets":[],"invite":null}
[]
remplissage termine
]]></system-out>
  <system-err><![CDATA[Aug 09, 2021 9:45:59 AM javafx.fxml.FXMLLoader$ValueElement processValue
WARNING: Loading FXML document with JavaFX API of version 16 by JavaFX runtime of version 15.0.1
Aug 09, 2021 9:46:06 AM javafx.css.CssParser declaration
WARNING: CSS Error parsing '*{-fx-fill: blue; -fx-font-style: underline;}: Expected '<font-style>' while parsing '-fx-font-style' at [1,34]
Aug 09, 2021 9:46:13 AM javafx.fxml.FXMLLoader$ValueElement processValue
WARNING: Loading FXML document with JavaFX API of version 16 by JavaFX runtime of version 15.0.1
Aug 09, 2021 9:46:35 AM javafx.fxml.FXMLLoader$ValueElement processValue
WARNING: Loading FXML document with JavaFX API of version 16 by JavaFX runtime of version 15.0.1
Aug 09, 2021 9:46:36 AM javafx.css.CssParser declaration
WARNING: CSS Error parsing '*{-fx-fill: blue; -fx-font-style: underline;}: Expected '<font-style>' while parsing '-fx-font-style' at [1,34]
Aug 09, 2021 9:46:37 AM javafx.fxml.FXMLLoader$ValueElement processValue
WARNING: Loading FXML document with JavaFX API of version 16 by JavaFX runtime of version 15.0.1
Aug 09, 2021 9:46:37 AM javafx.css.CssParser declaration
WARNING: CSS Error parsing '*{-fx-fill: blue; -fx-font-style: underline;}: Expected '<font-style>' while parsing '-fx-font-style' at [1,34]
Aug 09, 2021 9:46:38 AM javafx.fxml.FXMLLoader$ValueElement processValue
WARNING: Loading FXML document with JavaFX API of version 16 by JavaFX runtime of version 15.0.1
Aug 09, 2021 9:46:55 AM javafx.fxml.FXMLLoader$ValueElement processValue
WARNING: Loading FXML document with JavaFX API of version 16 by JavaFX runtime of version 15.0.1
Aug 09, 2021 9:46:55 AM javafx.css.CssParser declaration
WARNING: CSS Error parsing '*{-fx-fill: blue; -fx-font-style: underline;}: Expected '<font-style>' while parsing '-fx-font-style' at [1,34]
Aug 09, 2021 9:46:56 AM javafx.fxml.FXMLLoader$ValueElement processValue
WARNING: Loading FXML document with JavaFX API of version 16 by JavaFX runtime of version 15.0.1
Aug 09, 2021 9:46:56 AM javafx.css.CssParser declaration
WARNING: CSS Error parsing '*{-fx-fill: blue; -fx-font-style: underline;}: Expected '<font-style>' while parsing '-fx-font-style' at [1,34]
Aug 09, 2021 9:46:56 AM javafx.fxml.FXMLLoader$ValueElement processValue
WARNING: Loading FXML document with JavaFX API of version 16 by JavaFX runtime of version 15.0.1
Aug 09, 2021 9:46:56 AM javafx.css.CssParser declaration
WARNING: CSS Error parsing '*{-fx-fill: blue; -fx-font-style: underline;}: Expected '<font-style>' while parsing '-fx-font-style' at [1,34]
Aug 09, 2021 9:47:01 AM javafx.fxml.FXMLLoader$ValueElement processValue
WARNING: Loading FXML document with JavaFX API of version 16 by JavaFX runtime of version 15.0.1
Aug 09, 2021 9:47:05 AM javafx.fxml.FXMLLoader$ValueElement processValue
WARNING: Loading FXML document with JavaFX API of version 16 by JavaFX runtime of version 15.0.1
Aug 09, 2021 9:47:05 AM javafx.css.CssParser declaration
WARNING: CSS Error parsing '*{-fx-fill: blue; -fx-font-style: underline;}: Expected '<font-style>' while parsing '-fx-font-style' at [1,34]
Aug 09, 2021 9:47:10 AM javafx.fxml.FXMLLoader$ValueElement processValue
WARNING: Loading FXML document with JavaFX API of version 16 by JavaFX runtime of version 15.0.1
Aug 09, 2021 9:47:20 AM javafx.fxml.FXMLLoader$ValueElement processValue
WARNING: Loading FXML document with JavaFX API of version 16 by JavaFX runtime of version 15.0.1
Aug 09, 2021 9:47:20 AM javafx.css.CssParser declaration
WARNING: CSS Error parsing '*{-fx-fill: blue; -fx-font-style: underline;}: Expected '<font-style>' while parsing '-fx-font-style' at [1,34]
]]></system-err>
</testsuite>
