<?xml version="1.0" encoding="UTF-8"?>
<testsuite name="tests.FacilitatorProviderLinkClientTest" tests="2" skipped="0" failures="0" errors="0" timestamp="2021-08-08T14:40:24" hostname="isaac" time="33.19">
  <properties/>
  <testcase name="t2_login_should_work()" classname="tests.FacilitatorProviderLinkClientTest" time="32.44"/>
  <testcase name="t1_should_contain_button()" classname="tests.FacilitatorProviderLinkClientTest" time="0.742"/>
  <system-out><![CDATA[current provider :{"path":"/energy-management/provider/identifiant/isaac/pass","error":"Not Found","timestamp":1628433650489,"status":404}
[{"id":19,"address_mail":"bekolleisaac@gmail.com","password":"pass","question_secrete":"Who are you","reponse_secrete":"Isaac","identifiant":"isaac","wallets":[],"invite":null}]
[]
]]></system-out>
  <system-err><![CDATA[Aug 08, 2021 3:40:29 PM javafx.fxml.FXMLLoader$ValueElement processValue
WARNING: Loading FXML document with JavaFX API of version 16 by JavaFX runtime of version 15.0.1
Aug 08, 2021 3:40:35 PM javafx.css.CssParser declaration
WARNING: CSS Error parsing '*{-fx-fill: blue; -fx-font-style: underline;}: Expected '<font-style>' while parsing '-fx-font-style' at [1,34]
Aug 08, 2021 3:40:50 PM javafx.fxml.FXMLLoader$ValueElement processValue
WARNING: Loading FXML document with JavaFX API of version 16 by JavaFX runtime of version 15.0.1
Aug 08, 2021 3:40:56 PM javafx.fxml.FXMLLoader$ValueElement processValue
WARNING: Loading FXML document with JavaFX API of version 16 by JavaFX runtime of version 15.0.1
Aug 08, 2021 3:40:56 PM javafx.css.CssParser declaration
WARNING: CSS Error parsing '*{-fx-fill: blue; -fx-font-style: underline;}: Expected '<font-style>' while parsing '-fx-font-style' at [1,34]
]]></system-err>
</testsuite>
