<?xml version="1.0" encoding="UTF-8"?>
<testsuite name="tests.FacilitatorProviderLinkClientTest" tests="7" skipped="0" failures="2" errors="0" timestamp="2022-02-05T22:00:44" hostname="script0-pc" time="61.915">
  <properties/>
  <testcase name="t1_signup_conso_should_work()" classname="tests.FacilitatorProviderLinkClientTest" time="15.535"/>
  <testcase name="t1_signup_provider_should_work()" classname="tests.FacilitatorProviderLinkClientTest" time="12.08"/>
  <testcase name="t0_should_contain_button()" classname="tests.FacilitatorProviderLinkClientTest" time="0.322"/>
  <testcase name="t3_create_ean()" classname="tests.FacilitatorProviderLinkClientTest" time="16.16"/>
  <testcase name="t4_create_contract()" classname="tests.FacilitatorProviderLinkClientTest" time="10.732">
    <failure message="java.lang.RuntimeException: java.lang.RuntimeException: java.lang.reflect.InvocationTargetException" type="java.lang.RuntimeException">java.lang.RuntimeException: java.lang.RuntimeException: java.lang.reflect.InvocationTargetException
	at org.testfx.util.WaitForAsyncUtils.---- Delayed Exception: (See Trace Below) ----(WaitForAsyncUtils.java:0)
Caused by: java.lang.RuntimeException: java.lang.reflect.InvocationTargetException
	at javafx.fxml.FXMLLoader$MethodHandler.invoke(FXMLLoader.java:1862)
	at javafx.fxml.FXMLLoader$ControllerMethodEventHandler.handle(FXMLLoader.java:1729)
	at com.sun.javafx.event.CompositeEventHandler.dispatchBubblingEvent(CompositeEventHandler.java:86)
	at com.sun.javafx.event.EventHandlerManager.dispatchBubblingEvent(EventHandlerManager.java:234)
	at com.sun.javafx.event.EventHandlerManager.dispatchBubblingEvent(EventHandlerManager.java:191)
	at com.sun.javafx.event.CompositeEventDispatcher.dispatchBubblingEvent(CompositeEventDispatcher.java:59)
	at com.sun.javafx.event.BasicEventDispatcher.dispatchEvent(BasicEventDispatcher.java:58)
	at com.sun.javafx.event.EventDispatchChainImpl.dispatchEvent(EventDispatchChainImpl.java:114)
	at com.sun.javafx.event.BasicEventDispatcher.dispatchEvent(BasicEventDispatcher.java:56)
	at com.sun.javafx.event.EventDispatchChainImpl.dispatchEvent(EventDispatchChainImpl.java:114)
	at com.sun.javafx.event.BasicEventDispatcher.dispatchEvent(BasicEventDispatcher.java:56)
	at com.sun.javafx.event.EventDispatchChainImpl.dispatchEvent(EventDispatchChainImpl.java:114)
	at com.sun.javafx.event.EventUtil.fireEventImpl(EventUtil.java:74)
	at com.sun.javafx.event.EventUtil.fireEvent(EventUtil.java:49)
	at javafx.event.Event.fireEvent(Event.java:198)
	at javafx.scene.Node.fireEvent(Node.java:8886)
	at javafx.scene.control.Button.fire(Button.java:203)
	at com.sun.javafx.scene.control.behavior.ButtonBehavior.mouseReleased(ButtonBehavior.java:208)
	at com.sun.javafx.scene.control.inputmap.InputMap.handle(InputMap.java:274)
	at com.sun.javafx.event.CompositeEventHandler$NormalEventHandlerRecord.handleBubblingEvent(CompositeEventHandler.java:247)
	at com.sun.javafx.event.CompositeEventHandler.dispatchBubblingEvent(CompositeEventHandler.java:80)
	at com.sun.javafx.event.EventHandlerManager.dispatchBubblingEvent(EventHandlerManager.java:234)
	at com.sun.javafx.event.EventHandlerManager.dispatchBubblingEvent(EventHandlerManager.java:191)
	at com.sun.javafx.event.CompositeEventDispatcher.dispatchBubblingEvent(CompositeEventDispatcher.java:59)
	at com.sun.javafx.event.BasicEventDispatcher.dispatchEvent(BasicEventDispatcher.java:58)
	at com.sun.javafx.event.EventDispatchChainImpl.dispatchEvent(EventDispatchChainImpl.java:114)
	at com.sun.javafx.event.BasicEventDispatcher.dispatchEvent(BasicEventDispatcher.java:56)
	at com.sun.javafx.event.EventDispatchChainImpl.dispatchEvent(EventDispatchChainImpl.java:114)
	at com.sun.javafx.event.BasicEventDispatcher.dispatchEvent(BasicEventDispatcher.java:56)
	at com.sun.javafx.event.EventDispatchChainImpl.dispatchEvent(EventDispatchChainImpl.java:114)
	at com.sun.javafx.event.EventUtil.fireEventImpl(EventUtil.java:74)
	at com.sun.javafx.event.EventUtil.fireEvent(EventUtil.java:54)
	at javafx.event.Event.fireEvent(Event.java:198)
	at javafx.scene.Scene$MouseHandler.process(Scene.java:3856)
	at javafx.scene.Scene.processMouseEvent(Scene.java:1851)
	at javafx.scene.Scene$ScenePeerListener.mouseEvent(Scene.java:2584)
	at com.sun.javafx.tk.quantum.GlassViewEventHandler$MouseEventNotification.run(GlassViewEventHandler.java:409)
	at com.sun.javafx.tk.quantum.GlassViewEventHandler$MouseEventNotification.run(GlassViewEventHandler.java:299)
	at java.base/java.security.AccessController.doPrivileged(Native Method)
	at com.sun.javafx.tk.quantum.GlassViewEventHandler.lambda$handleMouseEvent$2(GlassViewEventHandler.java:447)
	at com.sun.javafx.tk.quantum.QuantumToolkit.runWithoutRenderLock(QuantumToolkit.java:412)
	at com.sun.javafx.tk.quantum.GlassViewEventHandler.handleMouseEvent(GlassViewEventHandler.java:446)
	at com.sun.glass.ui.View.handleMouseEvent(View.java:556)
	at com.sun.glass.ui.View.notifyMouse(View.java:942)
	at com.sun.glass.ui.gtk.GtkApplication._runLoop(Native Method)
	at com.sun.glass.ui.gtk.GtkApplication.lambda$runLoop$11(GtkApplication.java:277)
	at java.base/java.lang.Thread.run(Thread.java:829)
Caused by: java.lang.reflect.InvocationTargetException
	at java.base/jdk.internal.reflect.NativeMethodAccessorImpl.invoke0(Native Method)
	at java.base/jdk.internal.reflect.NativeMethodAccessorImpl.invoke(NativeMethodAccessorImpl.java:62)
	at java.base/jdk.internal.reflect.DelegatingMethodAccessorImpl.invoke(DelegatingMethodAccessorImpl.java:43)
	at java.base/java.lang.reflect.Method.invoke(Method.java:566)
	at com.sun.javafx.reflect.Trampoline.invoke(MethodUtil.java:76)
	at jdk.internal.reflect.GeneratedMethodAccessor22.invoke(Unknown Source)
	at java.base/jdk.internal.reflect.DelegatingMethodAccessorImpl.invoke(DelegatingMethodAccessorImpl.java:43)
	at java.base/java.lang.reflect.Method.invoke(Method.java:566)
	at com.sun.javafx.reflect.MethodUtil.invoke(MethodUtil.java:273)
	at com.sun.javafx.fxml.MethodHelper.invoke(MethodHelper.java:83)
	at javafx.fxml.FXMLLoader$MethodHandler.invoke(FXMLLoader.java:1857)
	... 46 more
Caused by: org.json.JSONException: JSONObject[&quot;contract&quot;] not found.
	at org.json.JSONObject.get(JSONObject.java:572)
	at Gui.ModelTabs.NewContractTable.&lt;init&gt;(NewContractTable.java:23)
	at Gui.Controllers.ApplicationProvider.NouveauContrat.confirmerAjout(NouveauContrat.java:229)
	... 57 more
</failure>
  </testcase>
  <testcase name="t2_login_conso_should_work()" classname="tests.FacilitatorProviderLinkClientTest" time="3.426"/>
  <testcase name="t2_login_provider_should_work()" classname="tests.FacilitatorProviderLinkClientTest" time="3.648">
    <failure message="java.lang.RuntimeException: org.json.JSONException: JSONObject[&quot;contract&quot;] not found." type="java.lang.RuntimeException">java.lang.RuntimeException: org.json.JSONException: JSONObject[&quot;contract&quot;] not found.
	at org.testfx.util.WaitForAsyncUtils.---- Delayed Exception: (See Trace Below) ----(WaitForAsyncUtils.java:0)
Caused by: org.json.JSONException: JSONObject[&quot;contract&quot;] not found.
	at org.json.JSONObject.get(JSONObject.java:572)
	at Gui.Controllers.ApplicationProvider.MenuPrincipale.initTable(MenuPrincipale.java:219)
	at Gui.Controllers.ApplicationProvider.MenuPrincipale.lambda$initialize$0(MenuPrincipale.java:165)
	at com.sun.javafx.binding.ExpressionHelper$Generic.fireValueChangedEvent(ExpressionHelper.java:360)
	at com.sun.javafx.binding.ExpressionHelper.fireValueChangedEvent(ExpressionHelper.java:80)
	at javafx.beans.property.ObjectPropertyBase.fireValueChangedEvent(ObjectPropertyBase.java:106)
	at javafx.beans.property.ObjectPropertyBase.markInvalid(ObjectPropertyBase.java:113)
	at javafx.beans.property.ObjectPropertyBase.set(ObjectPropertyBase.java:147)
	at javafx.scene.control.ComboBoxBase.setValue(ComboBoxBase.java:151)
	at javafx.scene.control.ComboBox.updateValue(ComboBox.java:516)
	at javafx.scene.control.ComboBox$3.changed(ComboBox.java:499)
	at com.sun.javafx.binding.ExpressionHelper$Generic.fireValueChangedEvent(ExpressionHelper.java:360)
	at com.sun.javafx.binding.ExpressionHelper.fireValueChangedEvent(ExpressionHelper.java:80)
	at javafx.beans.property.ReadOnlyObjectPropertyBase.fireValueChangedEvent(ReadOnlyObjectPropertyBase.java:74)
	at javafx.beans.property.ReadOnlyObjectWrapper.fireValueChangedEvent(ReadOnlyObjectWrapper.java:102)
	at javafx.beans.property.ObjectPropertyBase.markInvalid(ObjectPropertyBase.java:113)
	at javafx.beans.property.ObjectPropertyBase.set(ObjectPropertyBase.java:147)
	at javafx.scene.control.SelectionModel.setSelectedItem(SelectionModel.java:105)
	at javafx.scene.control.ComboBox$ComboBoxSelectionModel.lambda$new$0(ComboBox.java:556)
	at com.sun.javafx.binding.ExpressionHelper$SingleInvalidation.fireValueChangedEvent(ExpressionHelper.java:136)
	at com.sun.javafx.binding.ExpressionHelper.fireValueChangedEvent(ExpressionHelper.java:80)
	at javafx.beans.property.ReadOnlyIntegerPropertyBase.fireValueChangedEvent(ReadOnlyIntegerPropertyBase.java:72)
	at javafx.beans.property.ReadOnlyIntegerWrapper.fireValueChangedEvent(ReadOnlyIntegerWrapper.java:102)
	at javafx.beans.property.IntegerPropertyBase.markInvalid(IntegerPropertyBase.java:114)
	at javafx.beans.property.IntegerPropertyBase.set(IntegerPropertyBase.java:148)
	at javafx.scene.control.SelectionModel.setSelectedIndex(SelectionModel.java:69)
	at javafx.scene.control.SingleSelectionModel.updateSelectedIndex(SingleSelectionModel.java:215)
	at javafx.scene.control.SingleSelectionModel.select(SingleSelectionModel.java:149)
	at javafx.scene.control.skin.ComboBoxListViewSkin.lambda$createListView$10(ComboBoxListViewSkin.java:554)
	at com.sun.javafx.binding.ExpressionHelper$Generic.fireValueChangedEvent(ExpressionHelper.java:348)
	at com.sun.javafx.binding.ExpressionHelper.fireValueChangedEvent(ExpressionHelper.java:80)
	at javafx.beans.property.ReadOnlyIntegerPropertyBase.fireValueChangedEvent(ReadOnlyIntegerPropertyBase.java:72)
	at javafx.beans.property.ReadOnlyIntegerWrapper.fireValueChangedEvent(ReadOnlyIntegerWrapper.java:102)
	at javafx.beans.property.IntegerPropertyBase.markInvalid(IntegerPropertyBase.java:114)
	at javafx.beans.property.IntegerPropertyBase.set(IntegerPropertyBase.java:148)
	at javafx.scene.control.SelectionModel.setSelectedIndex(SelectionModel.java:69)
	at javafx.scene.control.MultipleSelectionModelBase.select(MultipleSelectionModelBase.java:412)
	at javafx.scene.control.MultipleSelectionModelBase.clearAndSelect(MultipleSelectionModelBase.java:360)
	at javafx.scene.control.ListView$ListViewBitSetSelectionModel.clearAndSelect(ListView.java:1449)
	at com.sun.javafx.scene.control.behavior.ListViewBehavior.selectNextRow(ListViewBehavior.java:578)
	at com.sun.javafx.scene.control.behavior.ListViewBehavior.lambda$new$28(ListViewBehavior.java:133)
	at com.sun.javafx.scene.control.inputmap.InputMap.handle(InputMap.java:274)
	at com.sun.javafx.event.CompositeEventHandler$NormalEventHandlerRecord.handleBubblingEvent(CompositeEventHandler.java:247)
	at com.sun.javafx.event.CompositeEventHandler.dispatchBubblingEvent(CompositeEventHandler.java:80)
	at com.sun.javafx.event.EventHandlerManager.dispatchBubblingEvent(EventHandlerManager.java:234)
	at com.sun.javafx.event.EventHandlerManager.dispatchBubblingEvent(EventHandlerManager.java:191)
	at com.sun.javafx.event.CompositeEventDispatcher.dispatchBubblingEvent(CompositeEventDispatcher.java:59)
	at com.sun.javafx.event.BasicEventDispatcher.dispatchEvent(BasicEventDispatcher.java:58)
	at com.sun.javafx.event.EventDispatchChainImpl.dispatchEvent(EventDispatchChainImpl.java:114)
	at com.sun.javafx.event.BasicEventDispatcher.dispatchEvent(BasicEventDispatcher.java:56)
	at com.sun.javafx.event.EventDispatchChainImpl.dispatchEvent(EventDispatchChainImpl.java:114)
	at com.sun.javafx.event.EventUtil.fireEventImpl(EventUtil.java:74)
	at com.sun.javafx.event.EventUtil.fireEvent(EventUtil.java:49)
	at javafx.stage.PopupWindow$PopupEventRedirector.handleKeyEvent(PopupWindow.java:1001)
	at javafx.stage.PopupWindow$PopupEventRedirector.handleRedirectedEvent(PopupWindow.java:973)
	at com.sun.javafx.event.EventRedirector.dispatchCapturingEvent(EventRedirector.java:106)
	at com.sun.javafx.event.CompositeEventDispatcher.dispatchCapturingEvent(CompositeEventDispatcher.java:43)
	at com.sun.javafx.event.BasicEventDispatcher.dispatchEvent(BasicEventDispatcher.java:52)
	at com.sun.javafx.event.EventRedirector.redirectEvent(EventRedirector.java:124)
	at com.sun.javafx.event.EventRedirector.dispatchCapturingEvent(EventRedirector.java:103)
	at com.sun.javafx.event.CompositeEventDispatcher.dispatchCapturingEvent(CompositeEventDispatcher.java:43)
	at com.sun.javafx.event.BasicEventDispatcher.dispatchEvent(BasicEventDispatcher.java:52)
	at com.sun.javafx.event.EventDispatchChainImpl.dispatchEvent(EventDispatchChainImpl.java:114)
	at com.sun.javafx.event.EventUtil.fireEventImpl(EventUtil.java:74)
	at com.sun.javafx.event.EventUtil.fireEvent(EventUtil.java:54)
	at javafx.event.Event.fireEvent(Event.java:198)
	at javafx.scene.Scene$KeyHandler.process(Scene.java:4064)
	at javafx.scene.Scene.processKeyEvent(Scene.java:2123)
	at javafx.scene.Scene$ScenePeerListener.keyEvent(Scene.java:2591)
	at com.sun.javafx.tk.quantum.GlassViewEventHandler$KeyEventNotification.run(GlassViewEventHandler.java:217)
	at com.sun.javafx.tk.quantum.GlassViewEventHandler$KeyEventNotification.run(GlassViewEventHandler.java:149)
	at java.base/java.security.AccessController.doPrivileged(Native Method)
	at com.sun.javafx.tk.quantum.GlassViewEventHandler.lambda$handleKeyEvent$1(GlassViewEventHandler.java:248)
	at com.sun.javafx.tk.quantum.QuantumToolkit.runWithoutRenderLock(QuantumToolkit.java:412)
	at com.sun.javafx.tk.quantum.GlassViewEventHandler.handleKeyEvent(GlassViewEventHandler.java:247)
	at com.sun.glass.ui.View.handleKeyEvent(View.java:547)
	at com.sun.glass.ui.View.notifyKey(View.java:971)
	at com.sun.glass.ui.gtk.GtkApplication._runLoop(Native Method)
	at com.sun.glass.ui.gtk.GtkApplication.lambda$runLoop$11(GtkApplication.java:277)
	at java.base/java.lang.Thread.run(Thread.java:829)
</failure>
  </testcase>
  <system-out><![CDATA[Enregistrement termine
Enregistrement termine
current provider :{"number":"690909090","password":"test","reponse_secrete":"test","city":"test","street":"test","company_name":"test0pro","identifiant":"test0pro","id":2,"postal_code":"012","question_secrete":"test","address_mail":"mail@example.com"}
this is the result for method : [{"id":1,"address_mail":"mail@example.com","name":"test0conso","surname":null,"password":"test","question_secrete":"Who","reponse_secrete":"is","number":"690909090","identifiant":"test0conso"}]
this is the result for method : []
Execution de initialize
[{"id":1,"address_mail":"mail@example.com","name":"test0conso","surname":null,"password":"test","question_secrete":"Who","reponse_secrete":"is","number":"690909090","identifiant":"test0conso"}]
this is the result for method : []
current provider :{"number":"690909090","password":"test","reponse_secrete":"test","city":"test","street":"test","company_name":"test0pro","identifiant":"test0pro","id":2,"postal_code":"012","question_secrete":"test","address_mail":"mail@example.com"}
this is the result for method : [{"id":1,"address_mail":"mail@example.com","name":"test0conso","surname":null,"password":"test","question_secrete":"Who","reponse_secrete":"is","number":"690909090","identifiant":"test0conso"}]
this is the result for method : [{"id":3,"ean_18":"eantest0","name":"test0pro","energy":"Eau","pointFourniture":null}]
Execution de initialize
[{"id":1,"address_mail":"mail@example.com","name":"test0conso","surname":null,"password":"test","question_secrete":"Who","reponse_secrete":"is","number":"690909090","identifiant":"test0conso"}]
this is the result for method : []
{"id":1,"address_mail":"mail@example.com","name":"test0conso","surname":null,"password":"test","question_secrete":"Who","reponse_secrete":"is","number":"690909090","identifiant":"test0conso"}
this is the result for method : []
resultat 
resultat 
{"id":1,"address_mail":"mail@example.com","name":"test0conso","surname":null,"password":"test","question_secrete":"Who","reponse_secrete":"is","number":"690909090","identifiant":"test0conso"}
current provider :{"number":"690909090","password":"test","reponse_secrete":"is","surname":null,"identifiant":"test0conso","name":"test0conso","id":1,"question_secrete":"Who","address_mail":"mail@example.com"}
this is the result for method : []
test0conso
this is the result for method : []
this is the result for method : []
current provider :{"number":"690909090","password":"test","reponse_secrete":"test","city":"test","street":"test","company_name":"test0pro","identifiant":"test0pro","id":2,"postal_code":"012","question_secrete":"test","address_mail":"mail@example.com"}
this is the result for method : [{"id":1,"address_mail":"mail@example.com","name":"test0conso","surname":null,"password":"test","question_secrete":"Who","reponse_secrete":"is","number":"690909090","identifiant":"test0conso"}]
this is the result for method : [{"id":3,"ean_18":"eantest0","name":"test0pro","energy":"Eau","pointFourniture":null}]
client modifie
Execution de la fonction inittable
resultat {"id":1,"address_mail":"mail@example.com","name":"test0conso","surname":null,"password":"test","question_secrete":"Who","reponse_secrete":"is","number":"690909090","identifiant":"test0conso"}
this is the result for method : [{"id":4,"meter_type":"MONOHORARY","meter_rate":2.0,"network_manager_cost":10000.0,"over_tax":0.0,"tax_rate":33.0,"numero_contract":"num7193","client":"test0conso","date_begin":null,"date_end":null,"budget":null,"supplyPoint":null,"wallet":null,"dateCloture":null,"provider":{"id":2,"company_name":"test0pro","address_mail":"mail@example.com","password":"test","question_secrete":"test","reponse_secrete":"test","identifiant":"test0pro","street":"test","number":"690909090","city":"test","postal_code":"012"}}]
]]></system-out>
  <system-err><![CDATA[Feb 05, 2022 11:00:45 PM javafx.fxml.FXMLLoader$ValueElement processValue
WARNING: Loading FXML document with JavaFX API of version 16 by JavaFX runtime of version 15.0.1
Feb 05, 2022 11:00:45 PM javafx.css.CssParser declaration
WARNING: CSS Error parsing '*{-fx-fill: blue; -fx-font-style: underline;}: Expected '<font-style>' while parsing '-fx-font-style' at [1,34]
Feb 05, 2022 11:00:46 PM javafx.fxml.FXMLLoader$ValueElement processValue
WARNING: Loading FXML document with JavaFX API of version 16 by JavaFX runtime of version 15.0.1
Feb 05, 2022 11:00:59 PM javafx.fxml.FXMLLoader$ValueElement processValue
WARNING: Loading FXML document with JavaFX API of version 16 by JavaFX runtime of version 15.0.1
Feb 05, 2022 11:00:59 PM javafx.css.CssParser declaration
WARNING: CSS Error parsing '*{-fx-fill: blue; -fx-font-style: underline;}: Expected '<font-style>' while parsing '-fx-font-style' at [1,34]
Feb 05, 2022 11:01:00 PM javafx.fxml.FXMLLoader$ValueElement processValue
WARNING: Loading FXML document with JavaFX API of version 16 by JavaFX runtime of version 15.0.1
Feb 05, 2022 11:01:00 PM javafx.css.CssParser declaration
WARNING: CSS Error parsing '*{-fx-fill: blue; -fx-font-style: underline;}: Expected '<font-style>' while parsing '-fx-font-style' at [1,34]
Feb 05, 2022 11:01:00 PM javafx.fxml.FXMLLoader$ValueElement processValue
WARNING: Loading FXML document with JavaFX API of version 16 by JavaFX runtime of version 15.0.1
Feb 05, 2022 11:01:11 PM javafx.fxml.FXMLLoader$ValueElement processValue
WARNING: Loading FXML document with JavaFX API of version 16 by JavaFX runtime of version 15.0.1
Feb 05, 2022 11:01:11 PM javafx.css.CssParser declaration
WARNING: CSS Error parsing '*{-fx-fill: blue; -fx-font-style: underline;}: Expected '<font-style>' while parsing '-fx-font-style' at [1,34]
Feb 05, 2022 11:01:12 PM javafx.fxml.FXMLLoader$ValueElement processValue
WARNING: Loading FXML document with JavaFX API of version 16 by JavaFX runtime of version 15.0.1
Feb 05, 2022 11:01:12 PM javafx.css.CssParser declaration
WARNING: CSS Error parsing '*{-fx-fill: blue; -fx-font-style: underline;}: Expected '<font-style>' while parsing '-fx-font-style' at [1,34]
Feb 05, 2022 11:01:12 PM javafx.fxml.FXMLLoader$ValueElement processValue
WARNING: Loading FXML document with JavaFX API of version 16 by JavaFX runtime of version 15.0.1
Feb 05, 2022 11:01:12 PM javafx.css.CssParser declaration
WARNING: CSS Error parsing '*{-fx-fill: blue; -fx-font-style: underline;}: Expected '<font-style>' while parsing '-fx-font-style' at [1,34]
Feb 05, 2022 11:01:15 PM javafx.fxml.FXMLLoader$ValueElement processValue
WARNING: Loading FXML document with JavaFX API of version 16 by JavaFX runtime of version 15.0.1
Feb 05, 2022 11:01:16 PM javafx.fxml.FXMLLoader$ValueElement processValue
WARNING: Loading FXML document with JavaFX API of version 16 by JavaFX runtime of version 15.0.1
Feb 05, 2022 11:01:28 PM javafx.fxml.FXMLLoader$ValueElement processValue
WARNING: Loading FXML document with JavaFX API of version 16 by JavaFX runtime of version 15.0.1
Feb 05, 2022 11:01:28 PM javafx.css.CssParser declaration
WARNING: CSS Error parsing '*{-fx-fill: blue; -fx-font-style: underline;}: Expected '<font-style>' while parsing '-fx-font-style' at [1,34]
Feb 05, 2022 11:01:31 PM javafx.fxml.FXMLLoader$ValueElement processValue
WARNING: Loading FXML document with JavaFX API of version 16 by JavaFX runtime of version 15.0.1
Feb 05, 2022 11:01:32 PM javafx.fxml.FXMLLoader$ValueElement processValue
WARNING: Loading FXML document with JavaFX API of version 16 by JavaFX runtime of version 15.0.1
org.json.JSONException: A JSONObject text must begin with '{' at 0 [character 1 line 1]
	at org.json.JSONTokener.syntaxError(JSONTokener.java:507)
	at org.json.JSONObject.<init>(JSONObject.java:222)
	at org.json.JSONObject.<init>(JSONObject.java:406)
	at Gui.Controllers.Methods.GeneralMethodsImpl.findUnique(GeneralMethodsImpl.java:91)
	at Gui.Controllers.ApplicationProvider.NouveauContrat.confirmerAjout(NouveauContrat.java:211)
	at java.base/jdk.internal.reflect.NativeMethodAccessorImpl.invoke0(Native Method)
	at java.base/jdk.internal.reflect.NativeMethodAccessorImpl.invoke(NativeMethodAccessorImpl.java:62)
	at java.base/jdk.internal.reflect.DelegatingMethodAccessorImpl.invoke(DelegatingMethodAccessorImpl.java:43)
	at java.base/java.lang.reflect.Method.invoke(Method.java:566)
	at com.sun.javafx.reflect.Trampoline.invoke(MethodUtil.java:76)
	at jdk.internal.reflect.GeneratedMethodAccessor22.invoke(Unknown Source)
	at java.base/jdk.internal.reflect.DelegatingMethodAccessorImpl.invoke(DelegatingMethodAccessorImpl.java:43)
	at java.base/java.lang.reflect.Method.invoke(Method.java:566)
	at com.sun.javafx.reflect.MethodUtil.invoke(MethodUtil.java:273)
	at com.sun.javafx.fxml.MethodHelper.invoke(MethodHelper.java:83)
	at javafx.fxml.FXMLLoader$MethodHandler.invoke(FXMLLoader.java:1857)
	at javafx.fxml.FXMLLoader$ControllerMethodEventHandler.handle(FXMLLoader.java:1729)
	at com.sun.javafx.event.CompositeEventHandler.dispatchBubblingEvent(CompositeEventHandler.java:86)
	at com.sun.javafx.event.EventHandlerManager.dispatchBubblingEvent(EventHandlerManager.java:234)
	at com.sun.javafx.event.EventHandlerManager.dispatchBubblingEvent(EventHandlerManager.java:191)
	at com.sun.javafx.event.CompositeEventDispatcher.dispatchBubblingEvent(CompositeEventDispatcher.java:59)
	at com.sun.javafx.event.BasicEventDispatcher.dispatchEvent(BasicEventDispatcher.java:58)
	at com.sun.javafx.event.EventDispatchChainImpl.dispatchEvent(EventDispatchChainImpl.java:114)
	at com.sun.javafx.event.BasicEventDispatcher.dispatchEvent(BasicEventDispatcher.java:56)
	at com.sun.javafx.event.EventDispatchChainImpl.dispatchEvent(EventDispatchChainImpl.java:114)
	at com.sun.javafx.event.BasicEventDispatcher.dispatchEvent(BasicEventDispatcher.java:56)
	at com.sun.javafx.event.EventDispatchChainImpl.dispatchEvent(EventDispatchChainImpl.java:114)
	at com.sun.javafx.event.EventUtil.fireEventImpl(EventUtil.java:74)
	at com.sun.javafx.event.EventUtil.fireEvent(EventUtil.java:49)
	at javafx.event.Event.fireEvent(Event.java:198)
	at javafx.scene.Node.fireEvent(Node.java:8886)
	at javafx.scene.control.Button.fire(Button.java:203)
	at com.sun.javafx.scene.control.behavior.ButtonBehavior.mouseReleased(ButtonBehavior.java:208)
	at com.sun.javafx.scene.control.inputmap.InputMap.handle(InputMap.java:274)
	at com.sun.javafx.event.CompositeEventHandler$NormalEventHandlerRecord.handleBubblingEvent(CompositeEventHandler.java:247)
	at com.sun.javafx.event.CompositeEventHandler.dispatchBubblingEvent(CompositeEventHandler.java:80)
	at com.sun.javafx.event.EventHandlerManager.dispatchBubblingEvent(EventHandlerManager.java:234)
	at com.sun.javafx.event.EventHandlerManager.dispatchBubblingEvent(EventHandlerManager.java:191)
	at com.sun.javafx.event.CompositeEventDispatcher.dispatchBubblingEvent(CompositeEventDispatcher.java:59)
	at com.sun.javafx.event.BasicEventDispatcher.dispatchEvent(BasicEventDispatcher.java:58)
	at com.sun.javafx.event.EventDispatchChainImpl.dispatchEvent(EventDispatchChainImpl.java:114)
	at com.sun.javafx.event.BasicEventDispatcher.dispatchEvent(BasicEventDispatcher.java:56)
	at com.sun.javafx.event.EventDispatchChainImpl.dispatchEvent(EventDispatchChainImpl.java:114)
	at com.sun.javafx.event.BasicEventDispatcher.dispatchEvent(BasicEventDispatcher.java:56)
	at com.sun.javafx.event.EventDispatchChainImpl.dispatchEvent(EventDispatchChainImpl.java:114)
	at com.sun.javafx.event.EventUtil.fireEventImpl(EventUtil.java:74)
	at com.sun.javafx.event.EventUtil.fireEvent(EventUtil.java:54)
	at javafx.event.Event.fireEvent(Event.java:198)
	at javafx.scene.Scene$MouseHandler.process(Scene.java:3856)
	at javafx.scene.Scene.processMouseEvent(Scene.java:1851)
	at javafx.scene.Scene$ScenePeerListener.mouseEvent(Scene.java:2584)
	at com.sun.javafx.tk.quantum.GlassViewEventHandler$MouseEventNotification.run(GlassViewEventHandler.java:409)
	at com.sun.javafx.tk.quantum.GlassViewEventHandler$MouseEventNotification.run(GlassViewEventHandler.java:299)
	at java.base/java.security.AccessController.doPrivileged(Native Method)
	at com.sun.javafx.tk.quantum.GlassViewEventHandler.lambda$handleMouseEvent$2(GlassViewEventHandler.java:447)
	at com.sun.javafx.tk.quantum.QuantumToolkit.runWithoutRenderLock(QuantumToolkit.java:412)
	at com.sun.javafx.tk.quantum.GlassViewEventHandler.handleMouseEvent(GlassViewEventHandler.java:446)
	at com.sun.glass.ui.View.handleMouseEvent(View.java:556)
	at com.sun.glass.ui.View.notifyMouse(View.java:942)
	at com.sun.glass.ui.gtk.GtkApplication._runLoop(Native Method)
	at com.sun.glass.ui.gtk.GtkApplication.lambda$runLoop$11(GtkApplication.java:277)
	at java.base/java.lang.Thread.run(Thread.java:829)
org.json.JSONException: A JSONObject text must begin with '{' at 0 [character 1 line 1]
	at org.json.JSONTokener.syntaxError(JSONTokener.java:507)
	at org.json.JSONObject.<init>(JSONObject.java:222)
	at org.json.JSONObject.<init>(JSONObject.java:406)
	at Gui.Controllers.Methods.GeneralMethodsImpl.findUnique(GeneralMethodsImpl.java:91)
	at Gui.Controllers.ApplicationProvider.NouveauContrat.confirmerAjout(NouveauContrat.java:212)
	at java.base/jdk.internal.reflect.NativeMethodAccessorImpl.invoke0(Native Method)
	at java.base/jdk.internal.reflect.NativeMethodAccessorImpl.invoke(NativeMethodAccessorImpl.java:62)
	at java.base/jdk.internal.reflect.DelegatingMethodAccessorImpl.invoke(DelegatingMethodAccessorImpl.java:43)
	at java.base/java.lang.reflect.Method.invoke(Method.java:566)
	at com.sun.javafx.reflect.Trampoline.invoke(MethodUtil.java:76)
	at jdk.internal.reflect.GeneratedMethodAccessor22.invoke(Unknown Source)
	at java.base/jdk.internal.reflect.DelegatingMethodAccessorImpl.invoke(DelegatingMethodAccessorImpl.java:43)
	at java.base/java.lang.reflect.Method.invoke(Method.java:566)
	at com.sun.javafx.reflect.MethodUtil.invoke(MethodUtil.java:273)
	at com.sun.javafx.fxml.MethodHelper.invoke(MethodHelper.java:83)
	at javafx.fxml.FXMLLoader$MethodHandler.invoke(FXMLLoader.java:1857)
	at javafx.fxml.FXMLLoader$ControllerMethodEventHandler.handle(FXMLLoader.java:1729)
	at com.sun.javafx.event.CompositeEventHandler.dispatchBubblingEvent(CompositeEventHandler.java:86)
	at com.sun.javafx.event.EventHandlerManager.dispatchBubblingEvent(EventHandlerManager.java:234)
	at com.sun.javafx.event.EventHandlerManager.dispatchBubblingEvent(EventHandlerManager.java:191)
	at com.sun.javafx.event.CompositeEventDispatcher.dispatchBubblingEvent(CompositeEventDispatcher.java:59)
	at com.sun.javafx.event.BasicEventDispatcher.dispatchEvent(BasicEventDispatcher.java:58)
	at com.sun.javafx.event.EventDispatchChainImpl.dispatchEvent(EventDispatchChainImpl.java:114)
	at com.sun.javafx.event.BasicEventDispatcher.dispatchEvent(BasicEventDispatcher.java:56)
	at com.sun.javafx.event.EventDispatchChainImpl.dispatchEvent(EventDispatchChainImpl.java:114)
	at com.sun.javafx.event.BasicEventDispatcher.dispatchEvent(BasicEventDispatcher.java:56)
	at com.sun.javafx.event.EventDispatchChainImpl.dispatchEvent(EventDispatchChainImpl.java:114)
	at com.sun.javafx.event.EventUtil.fireEventImpl(EventUtil.java:74)
	at com.sun.javafx.event.EventUtil.fireEvent(EventUtil.java:49)
	at javafx.event.Event.fireEvent(Event.java:198)
	at javafx.scene.Node.fireEvent(Node.java:8886)
	at javafx.scene.control.Button.fire(Button.java:203)
	at com.sun.javafx.scene.control.behavior.ButtonBehavior.mouseReleased(ButtonBehavior.java:208)
	at com.sun.javafx.scene.control.inputmap.InputMap.handle(InputMap.java:274)
	at com.sun.javafx.event.CompositeEventHandler$NormalEventHandlerRecord.handleBubblingEvent(CompositeEventHandler.java:247)
	at com.sun.javafx.event.CompositeEventHandler.dispatchBubblingEvent(CompositeEventHandler.java:80)
	at com.sun.javafx.event.EventHandlerManager.dispatchBubblingEvent(EventHandlerManager.java:234)
	at com.sun.javafx.event.EventHandlerManager.dispatchBubblingEvent(EventHandlerManager.java:191)
	at com.sun.javafx.event.CompositeEventDispatcher.dispatchBubblingEvent(CompositeEventDispatcher.java:59)
	at com.sun.javafx.event.BasicEventDispatcher.dispatchEvent(BasicEventDispatcher.java:58)
	at com.sun.javafx.event.EventDispatchChainImpl.dispatchEvent(EventDispatchChainImpl.java:114)
	at com.sun.javafx.event.BasicEventDispatcher.dispatchEvent(BasicEventDispatcher.java:56)
	at com.sun.javafx.event.EventDispatchChainImpl.dispatchEvent(EventDispatchChainImpl.java:114)
	at com.sun.javafx.event.BasicEventDispatcher.dispatchEvent(BasicEventDispatcher.java:56)
	at com.sun.javafx.event.EventDispatchChainImpl.dispatchEvent(EventDispatchChainImpl.java:114)
	at com.sun.javafx.event.EventUtil.fireEventImpl(EventUtil.java:74)
	at com.sun.javafx.event.EventUtil.fireEvent(EventUtil.java:54)
	at javafx.event.Event.fireEvent(Event.java:198)
	at javafx.scene.Scene$MouseHandler.process(Scene.java:3856)
	at javafx.scene.Scene.processMouseEvent(Scene.java:1851)
	at javafx.scene.Scene$ScenePeerListener.mouseEvent(Scene.java:2584)
	at com.sun.javafx.tk.quantum.GlassViewEventHandler$MouseEventNotification.run(GlassViewEventHandler.java:409)
	at com.sun.javafx.tk.quantum.GlassViewEventHandler$MouseEventNotification.run(GlassViewEventHandler.java:299)
	at java.base/java.security.AccessController.doPrivileged(Native Method)
	at com.sun.javafx.tk.quantum.GlassViewEventHandler.lambda$handleMouseEvent$2(GlassViewEventHandler.java:447)
	at com.sun.javafx.tk.quantum.QuantumToolkit.runWithoutRenderLock(QuantumToolkit.java:412)
	at com.sun.javafx.tk.quantum.GlassViewEventHandler.handleMouseEvent(GlassViewEventHandler.java:446)
	at com.sun.glass.ui.View.handleMouseEvent(View.java:556)
	at com.sun.glass.ui.View.notifyMouse(View.java:942)
	at com.sun.glass.ui.gtk.GtkApplication._runLoop(Native Method)
	at com.sun.glass.ui.gtk.GtkApplication.lambda$runLoop$11(GtkApplication.java:277)
	at java.base/java.lang.Thread.run(Thread.java:829)
--- Exception in Async Thread ---
java.lang.RuntimeException: java.lang.reflect.InvocationTargetException
	javafx.fxml.FXMLLoader$MethodHandler.invoke(FXMLLoader.java:1862)
	javafx.fxml.FXMLLoader$ControllerMethodEventHandler.handle(FXMLLoader.java:1729)
	com.sun.javafx.event.CompositeEventHandler.dispatchBubblingEvent(CompositeEventHandler.java:86)
	com.sun.javafx.event.EventHandlerManager.dispatchBubblingEvent(EventHandlerManager.java:234)
	com.sun.javafx.event.EventHandlerManager.dispatchBubblingEvent(EventHandlerManager.java:191)
	com.sun.javafx.event.CompositeEventDispatcher.dispatchBubblingEvent(CompositeEventDispatcher.java:59)
	com.sun.javafx.event.BasicEventDispatcher.dispatchEvent(BasicEventDispatcher.java:58)
	com.sun.javafx.event.EventDispatchChainImpl.dispatchEvent(EventDispatchChainImpl.java:114)
	com.sun.javafx.event.BasicEventDispatcher.dispatchEvent(BasicEventDispatcher.java:56)
	com.sun.javafx.event.EventDispatchChainImpl.dispatchEvent(EventDispatchChainImpl.java:114)
	com.sun.javafx.event.BasicEventDispatcher.dispatchEvent(BasicEventDispatcher.java:56)
	com.sun.javafx.event.EventDispatchChainImpl.dispatchEvent(EventDispatchChainImpl.java:114)
	com.sun.javafx.event.EventUtil.fireEventImpl(EventUtil.java:74)
	com.sun.javafx.event.EventUtil.fireEvent(EventUtil.java:49)
	javafx.event.Event.fireEvent(Event.java:198)
	javafx.scene.Node.fireEvent(Node.java:8886)
	javafx.scene.control.Button.fire(Button.java:203)
	com.sun.javafx.scene.control.behavior.ButtonBehavior.mouseReleased(ButtonBehavior.java:208)
	com.sun.javafx.scene.control.inputmap.InputMap.handle(InputMap.java:274)
	com.sun.javafx.event.CompositeEventHandler$NormalEventHandlerRecord.handleBubblingEvent(CompositeEventHandler.java:247)
	com.sun.javafx.event.CompositeEventHandler.dispatchBubblingEvent(CompositeEventHandler.java:80)
	com.sun.javafx.event.EventHandlerManager.dispatchBubblingEvent(EventHandlerManager.java:234)
	com.sun.javafx.event.EventHandlerManager.dispatchBubblingEvent(EventHandlerManager.java:191)
	com.sun.javafx.event.CompositeEventDispatcher.dispatchBubblingEvent(CompositeEventDispatcher.java:59)
	com.sun.javafx.event.BasicEventDispatcher.dispatchEvent(BasicEventDispatcher.java:58)
	com.sun.javafx.event.EventDispatchChainImpl.dispatchEvent(EventDispatchChainImpl.java:114)
	com.sun.javafx.event.BasicEventDispatcher.dispatchEvent(BasicEventDispatcher.java:56)
	com.sun.javafx.event.EventDispatchChainImpl.dispatchEvent(EventDispatchChainImpl.java:114)
	com.sun.javafx.event.BasicEventDispatcher.dispatchEvent(BasicEventDispatcher.java:56)
	com.sun.javafx.event.EventDispatchChainImpl.dispatchEvent(EventDispatchChainImpl.java:114)
	com.sun.javafx.event.EventUtil.fireEventImpl(EventUtil.java:74)
	com.sun.javafx.event.EventUtil.fireEvent(EventUtil.java:54)
	javafx.event.Event.fireEvent(Event.java:198)
	javafx.scene.Scene$MouseHandler.process(Scene.java:3856)
	javafx.scene.Scene.processMouseEvent(Scene.java:1851)
	javafx.scene.Scene$ScenePeerListener.mouseEvent(Scene.java:2584)
	com.sun.javafx.tk.quantum.GlassViewEventHandler$MouseEventNotification.run(GlassViewEventHandler.java:409)
	com.sun.javafx.tk.quantum.GlassViewEventHandler$MouseEventNotification.run(GlassViewEventHandler.java:299)
	java.base/java.security.AccessController.doPrivileged(Native Method)
	com.sun.javafx.tk.quantum.GlassViewEventHandler.lambda$handleMouseEvent$2(GlassViewEventHandler.java:447)
	com.sun.javafx.tk.quantum.QuantumToolkit.runWithoutRenderLock(QuantumToolkit.java:412)
	com.sun.javafx.tk.quantum.GlassViewEventHandler.handleMouseEvent(GlassViewEventHandler.java:446)
	com.sun.glass.ui.View.handleMouseEvent(View.java:556)
	com.sun.glass.ui.View.notifyMouse(View.java:942)
	com.sun.glass.ui.gtk.GtkApplication._runLoop(Native Method)
	com.sun.glass.ui.gtk.GtkApplication.lambda$runLoop$11(GtkApplication.java:277)
	java.base/java.lang.Thread.run(Thread.java:829)
java.lang.reflect.InvocationTargetException: null
	java.base/jdk.internal.reflect.NativeMethodAccessorImpl.invoke0(Native Method)
	java.base/jdk.internal.reflect.NativeMethodAccessorImpl.invoke(NativeMethodAccessorImpl.java:62)
	java.base/jdk.internal.reflect.DelegatingMethodAccessorImpl.invoke(DelegatingMethodAccessorImpl.java:43)
	java.base/java.lang.reflect.Method.invoke(Method.java:566)
	com.sun.javafx.reflect.Trampoline.invoke(MethodUtil.java:76)
	jdk.internal.reflect.GeneratedMethodAccessor22.invoke(Unknown Source)
	java.base/jdk.internal.reflect.DelegatingMethodAccessorImpl.invoke(DelegatingMethodAccessorImpl.java:43)
	java.base/java.lang.reflect.Method.invoke(Method.java:566)
	com.sun.javafx.reflect.MethodUtil.invoke(MethodUtil.java:273)
	com.sun.javafx.fxml.MethodHelper.invoke(MethodHelper.java:83)
	javafx.fxml.FXMLLoader$MethodHandler.invoke(FXMLLoader.java:1857)
	javafx.fxml.FXMLLoader$ControllerMethodEventHandler.handle(FXMLLoader.java:1729)
	com.sun.javafx.event.CompositeEventHandler.dispatchBubblingEvent(CompositeEventHandler.java:86)
	com.sun.javafx.event.EventHandlerManager.dispatchBubblingEvent(EventHandlerManager.java:234)
	com.sun.javafx.event.EventHandlerManager.dispatchBubblingEvent(EventHandlerManager.java:191)
	com.sun.javafx.event.CompositeEventDispatcher.dispatchBubblingEvent(CompositeEventDispatcher.java:59)
	com.sun.javafx.event.BasicEventDispatcher.dispatchEvent(BasicEventDispatcher.java:58)
	com.sun.javafx.event.EventDispatchChainImpl.dispatchEvent(EventDispatchChainImpl.java:114)
	com.sun.javafx.event.BasicEventDispatcher.dispatchEvent(BasicEventDispatcher.java:56)
	com.sun.javafx.event.EventDispatchChainImpl.dispatchEvent(EventDispatchChainImpl.java:114)
	com.sun.javafx.event.BasicEventDispatcher.dispatchEvent(BasicEventDispatcher.java:56)
	com.sun.javafx.event.EventDispatchChainImpl.dispatchEvent(EventDispatchChainImpl.java:114)
	com.sun.javafx.event.EventUtil.fireEventImpl(EventUtil.java:74)
	com.sun.javafx.event.EventUtil.fireEvent(EventUtil.java:49)
	javafx.event.Event.fireEvent(Event.java:198)
	javafx.scene.Node.fireEvent(Node.java:8886)
	javafx.scene.control.Button.fire(Button.java:203)
	com.sun.javafx.scene.control.behavior.ButtonBehavior.mouseReleased(ButtonBehavior.java:208)
	com.sun.javafx.scene.control.inputmap.InputMap.handle(InputMap.java:274)
	com.sun.javafx.event.CompositeEventHandler$NormalEventHandlerRecord.handleBubblingEvent(CompositeEventHandler.java:247)
	com.sun.javafx.event.CompositeEventHandler.dispatchBubblingEvent(CompositeEventHandler.java:80)
	com.sun.javafx.event.EventHandlerManager.dispatchBubblingEvent(EventHandlerManager.java:234)
	com.sun.javafx.event.EventHandlerManager.dispatchBubblingEvent(EventHandlerManager.java:191)
	com.sun.javafx.event.CompositeEventDispatcher.dispatchBubblingEvent(CompositeEventDispatcher.java:59)
	com.sun.javafx.event.BasicEventDispatcher.dispatchEvent(BasicEventDispatcher.java:58)
	com.sun.javafx.event.EventDispatchChainImpl.dispatchEvent(EventDispatchChainImpl.java:114)
	com.sun.javafx.event.BasicEventDispatcher.dispatchEvent(BasicEventDispatcher.java:56)
	com.sun.javafx.event.EventDispatchChainImpl.dispatchEvent(EventDispatchChainImpl.java:114)
	com.sun.javafx.event.BasicEventDispatcher.dispatchEvent(BasicEventDispatcher.java:56)
	com.sun.javafx.event.EventDispatchChainImpl.dispatchEvent(EventDispatchChainImpl.java:114)
	com.sun.javafx.event.EventUtil.fireEventImpl(EventUtil.java:74)
	com.sun.javafx.event.EventUtil.fireEvent(EventUtil.java:54)
	javafx.event.Event.fireEvent(Event.java:198)
	javafx.scene.Scene$MouseHandler.process(Scene.java:3856)
	javafx.scene.Scene.processMouseEvent(Scene.java:1851)
	javafx.scene.Scene$ScenePeerListener.mouseEvent(Scene.java:2584)
	com.sun.javafx.tk.quantum.GlassViewEventHandler$MouseEventNotification.run(GlassViewEventHandler.java:409)
	com.sun.javafx.tk.quantum.GlassViewEventHandler$MouseEventNotification.run(GlassViewEventHandler.java:299)
	java.base/java.security.AccessController.doPrivileged(Native Method)
	com.sun.javafx.tk.quantum.GlassViewEventHandler.lambda$handleMouseEvent$2(GlassViewEventHandler.java:447)
	com.sun.javafx.tk.quantum.QuantumToolkit.runWithoutRenderLock(QuantumToolkit.java:412)
	com.sun.javafx.tk.quantum.GlassViewEventHandler.handleMouseEvent(GlassViewEventHandler.java:446)
	com.sun.glass.ui.View.handleMouseEvent(View.java:556)
	com.sun.glass.ui.View.notifyMouse(View.java:942)
	com.sun.glass.ui.gtk.GtkApplication._runLoop(Native Method)
	com.sun.glass.ui.gtk.GtkApplication.lambda$runLoop$11(GtkApplication.java:277)
	java.base/java.lang.Thread.run(Thread.java:829)
org.json.JSONException: JSONObject["contract"] not found.
	org.json.JSONObject.get(JSONObject.java:572)
	Gui.ModelTabs.NewContractTable.<init>(NewContractTable.java:23)
	Gui.Controllers.ApplicationProvider.NouveauContrat.confirmerAjout(NouveauContrat.java:229)
	java.base/jdk.internal.reflect.NativeMethodAccessorImpl.invoke0(Native Method)
	java.base/jdk.internal.reflect.NativeMethodAccessorImpl.invoke(NativeMethodAccessorImpl.java:62)
	java.base/jdk.internal.reflect.DelegatingMethodAccessorImpl.invoke(DelegatingMethodAccessorImpl.java:43)
	java.base/java.lang.reflect.Method.invoke(Method.java:566)
	com.sun.javafx.reflect.Trampoline.invoke(MethodUtil.java:76)
	jdk.internal.reflect.GeneratedMethodAccessor22.invoke(Unknown Source)
	java.base/jdk.internal.reflect.DelegatingMethodAccessorImpl.invoke(DelegatingMethodAccessorImpl.java:43)
	java.base/java.lang.reflect.Method.invoke(Method.java:566)
	com.sun.javafx.reflect.MethodUtil.invoke(MethodUtil.java:273)
	com.sun.javafx.fxml.MethodHelper.invoke(MethodHelper.java:83)
	javafx.fxml.FXMLLoader$MethodHandler.invoke(FXMLLoader.java:1857)
	javafx.fxml.FXMLLoader$ControllerMethodEventHandler.handle(FXMLLoader.java:1729)
	com.sun.javafx.event.CompositeEventHandler.dispatchBubblingEvent(CompositeEventHandler.java:86)
	com.sun.javafx.event.EventHandlerManager.dispatchBubblingEvent(EventHandlerManager.java:234)
	com.sun.javafx.event.EventHandlerManager.dispatchBubblingEvent(EventHandlerManager.java:191)
	com.sun.javafx.event.CompositeEventDispatcher.dispatchBubblingEvent(CompositeEventDispatcher.java:59)
	com.sun.javafx.event.BasicEventDispatcher.dispatchEvent(BasicEventDispatcher.java:58)
	com.sun.javafx.event.EventDispatchChainImpl.dispatchEvent(EventDispatchChainImpl.java:114)
	com.sun.javafx.event.BasicEventDispatcher.dispatchEvent(BasicEventDispatcher.java:56)
	com.sun.javafx.event.EventDispatchChainImpl.dispatchEvent(EventDispatchChainImpl.java:114)
	com.sun.javafx.event.BasicEventDispatcher.dispatchEvent(BasicEventDispatcher.java:56)
	com.sun.javafx.event.EventDispatchChainImpl.dispatchEvent(EventDispatchChainImpl.java:114)
	com.sun.javafx.event.EventUtil.fireEventImpl(EventUtil.java:74)
	com.sun.javafx.event.EventUtil.fireEvent(EventUtil.java:49)
	javafx.event.Event.fireEvent(Event.java:198)
	javafx.scene.Node.fireEvent(Node.java:8886)
	javafx.scene.control.Button.fire(Button.java:203)
	com.sun.javafx.scene.control.behavior.ButtonBehavior.mouseReleased(ButtonBehavior.java:208)
	com.sun.javafx.scene.control.inputmap.InputMap.handle(InputMap.java:274)
	com.sun.javafx.event.CompositeEventHandler$NormalEventHandlerRecord.handleBubblingEvent(CompositeEventHandler.java:247)
	com.sun.javafx.event.CompositeEventHandler.dispatchBubblingEvent(CompositeEventHandler.java:80)
	com.sun.javafx.event.EventHandlerManager.dispatchBubblingEvent(EventHandlerManager.java:234)
	com.sun.javafx.event.EventHandlerManager.dispatchBubblingEvent(EventHandlerManager.java:191)
	com.sun.javafx.event.CompositeEventDispatcher.dispatchBubblingEvent(CompositeEventDispatcher.java:59)
	com.sun.javafx.event.BasicEventDispatcher.dispatchEvent(BasicEventDispatcher.java:58)
	com.sun.javafx.event.EventDispatchChainImpl.dispatchEvent(EventDispatchChainImpl.java:114)
	com.sun.javafx.event.BasicEventDispatcher.dispatchEvent(BasicEventDispatcher.java:56)
	com.sun.javafx.event.EventDispatchChainImpl.dispatchEvent(EventDispatchChainImpl.java:114)
	com.sun.javafx.event.BasicEventDispatcher.dispatchEvent(BasicEventDispatcher.java:56)
	com.sun.javafx.event.EventDispatchChainImpl.dispatchEvent(EventDispatchChainImpl.java:114)
	com.sun.javafx.event.EventUtil.fireEventImpl(EventUtil.java:74)
	com.sun.javafx.event.EventUtil.fireEvent(EventUtil.java:54)
	javafx.event.Event.fireEvent(Event.java:198)
	javafx.scene.Scene$MouseHandler.process(Scene.java:3856)
	javafx.scene.Scene.processMouseEvent(Scene.java:1851)
	javafx.scene.Scene$ScenePeerListener.mouseEvent(Scene.java:2584)
	com.sun.javafx.tk.quantum.GlassViewEventHandler$MouseEventNotification.run(GlassViewEventHandler.java:409)
	com.sun.javafx.tk.quantum.GlassViewEventHandler$MouseEventNotification.run(GlassViewEventHandler.java:299)
	java.base/java.security.AccessController.doPrivileged(Native Method)
	com.sun.javafx.tk.quantum.GlassViewEventHandler.lambda$handleMouseEvent$2(GlassViewEventHandler.java:447)
	com.sun.javafx.tk.quantum.QuantumToolkit.runWithoutRenderLock(QuantumToolkit.java:412)
	com.sun.javafx.tk.quantum.GlassViewEventHandler.handleMouseEvent(GlassViewEventHandler.java:446)
	com.sun.glass.ui.View.handleMouseEvent(View.java:556)
	com.sun.glass.ui.View.notifyMouse(View.java:942)
	com.sun.glass.ui.gtk.GtkApplication._runLoop(Native Method)
	com.sun.glass.ui.gtk.GtkApplication.lambda$runLoop$11(GtkApplication.java:277)
	java.base/java.lang.Thread.run(Thread.java:829)

Feb 05, 2022 11:01:39 PM javafx.fxml.FXMLLoader$ValueElement processValue
WARNING: Loading FXML document with JavaFX API of version 16 by JavaFX runtime of version 15.0.1
Feb 05, 2022 11:01:39 PM javafx.css.CssParser declaration
WARNING: CSS Error parsing '*{-fx-fill: blue; -fx-font-style: underline;}: Expected '<font-style>' while parsing '-fx-font-style' at [1,34]
Feb 05, 2022 11:01:42 PM javafx.fxml.FXMLLoader$ValueElement processValue
WARNING: Loading FXML document with JavaFX API of version 16 by JavaFX runtime of version 15.0.1
Feb 05, 2022 11:01:43 PM javafx.fxml.FXMLLoader$ValueElement processValue
WARNING: Loading FXML document with JavaFX API of version 16 by JavaFX runtime of version 15.0.1
Feb 05, 2022 11:01:43 PM javafx.css.CssParser declaration
WARNING: CSS Error parsing '*{-fx-fill: blue; -fx-font-style: underline;}: Expected '<font-style>' while parsing '-fx-font-style' at [1,34]
Feb 05, 2022 11:01:45 PM javafx.fxml.FXMLLoader$ValueElement processValue
WARNING: Loading FXML document with JavaFX API of version 16 by JavaFX runtime of version 15.0.1
--- Exception in Async Thread ---
org.json.JSONException: JSONObject["contract"] not found.
	org.json.JSONObject.get(JSONObject.java:572)
	Gui.Controllers.ApplicationProvider.MenuPrincipale.initTable(MenuPrincipale.java:219)
	Gui.Controllers.ApplicationProvider.MenuPrincipale.lambda$initialize$0(MenuPrincipale.java:165)
	com.sun.javafx.binding.ExpressionHelper$Generic.fireValueChangedEvent(ExpressionHelper.java:360)
	com.sun.javafx.binding.ExpressionHelper.fireValueChangedEvent(ExpressionHelper.java:80)
	javafx.beans.property.ObjectPropertyBase.fireValueChangedEvent(ObjectPropertyBase.java:106)
	javafx.beans.property.ObjectPropertyBase.markInvalid(ObjectPropertyBase.java:113)
	javafx.beans.property.ObjectPropertyBase.set(ObjectPropertyBase.java:147)
	javafx.scene.control.ComboBoxBase.setValue(ComboBoxBase.java:151)
	javafx.scene.control.ComboBox.updateValue(ComboBox.java:516)
	javafx.scene.control.ComboBox$3.changed(ComboBox.java:499)
	com.sun.javafx.binding.ExpressionHelper$Generic.fireValueChangedEvent(ExpressionHelper.java:360)
	com.sun.javafx.binding.ExpressionHelper.fireValueChangedEvent(ExpressionHelper.java:80)
	javafx.beans.property.ReadOnlyObjectPropertyBase.fireValueChangedEvent(ReadOnlyObjectPropertyBase.java:74)
	javafx.beans.property.ReadOnlyObjectWrapper.fireValueChangedEvent(ReadOnlyObjectWrapper.java:102)
	javafx.beans.property.ObjectPropertyBase.markInvalid(ObjectPropertyBase.java:113)
	javafx.beans.property.ObjectPropertyBase.set(ObjectPropertyBase.java:147)
	javafx.scene.control.SelectionModel.setSelectedItem(SelectionModel.java:105)
	javafx.scene.control.ComboBox$ComboBoxSelectionModel.lambda$new$0(ComboBox.java:556)
	com.sun.javafx.binding.ExpressionHelper$SingleInvalidation.fireValueChangedEvent(ExpressionHelper.java:136)
	com.sun.javafx.binding.ExpressionHelper.fireValueChangedEvent(ExpressionHelper.java:80)
	javafx.beans.property.ReadOnlyIntegerPropertyBase.fireValueChangedEvent(ReadOnlyIntegerPropertyBase.java:72)
	javafx.beans.property.ReadOnlyIntegerWrapper.fireValueChangedEvent(ReadOnlyIntegerWrapper.java:102)
	javafx.beans.property.IntegerPropertyBase.markInvalid(IntegerPropertyBase.java:114)
	javafx.beans.property.IntegerPropertyBase.set(IntegerPropertyBase.java:148)
	javafx.scene.control.SelectionModel.setSelectedIndex(SelectionModel.java:69)
	javafx.scene.control.SingleSelectionModel.updateSelectedIndex(SingleSelectionModel.java:215)
	javafx.scene.control.SingleSelectionModel.select(SingleSelectionModel.java:149)
	javafx.scene.control.skin.ComboBoxListViewSkin.lambda$createListView$10(ComboBoxListViewSkin.java:554)
	com.sun.javafx.binding.ExpressionHelper$Generic.fireValueChangedEvent(ExpressionHelper.java:348)
	com.sun.javafx.binding.ExpressionHelper.fireValueChangedEvent(ExpressionHelper.java:80)
	javafx.beans.property.ReadOnlyIntegerPropertyBase.fireValueChangedEvent(ReadOnlyIntegerPropertyBase.java:72)
	javafx.beans.property.ReadOnlyIntegerWrapper.fireValueChangedEvent(ReadOnlyIntegerWrapper.java:102)
	javafx.beans.property.IntegerPropertyBase.markInvalid(IntegerPropertyBase.java:114)
	javafx.beans.property.IntegerPropertyBase.set(IntegerPropertyBase.java:148)
	javafx.scene.control.SelectionModel.setSelectedIndex(SelectionModel.java:69)
	javafx.scene.control.MultipleSelectionModelBase.select(MultipleSelectionModelBase.java:412)
	javafx.scene.control.MultipleSelectionModelBase.clearAndSelect(MultipleSelectionModelBase.java:360)
	javafx.scene.control.ListView$ListViewBitSetSelectionModel.clearAndSelect(ListView.java:1449)
	com.sun.javafx.scene.control.behavior.ListViewBehavior.selectNextRow(ListViewBehavior.java:578)
	com.sun.javafx.scene.control.behavior.ListViewBehavior.lambda$new$28(ListViewBehavior.java:133)
	com.sun.javafx.scene.control.inputmap.InputMap.handle(InputMap.java:274)
	com.sun.javafx.event.CompositeEventHandler$NormalEventHandlerRecord.handleBubblingEvent(CompositeEventHandler.java:247)
	com.sun.javafx.event.CompositeEventHandler.dispatchBubblingEvent(CompositeEventHandler.java:80)
	com.sun.javafx.event.EventHandlerManager.dispatchBubblingEvent(EventHandlerManager.java:234)
	com.sun.javafx.event.EventHandlerManager.dispatchBubblingEvent(EventHandlerManager.java:191)
	com.sun.javafx.event.CompositeEventDispatcher.dispatchBubblingEvent(CompositeEventDispatcher.java:59)
	com.sun.javafx.event.BasicEventDispatcher.dispatchEvent(BasicEventDispatcher.java:58)
	com.sun.javafx.event.EventDispatchChainImpl.dispatchEvent(EventDispatchChainImpl.java:114)
	com.sun.javafx.event.BasicEventDispatcher.dispatchEvent(BasicEventDispatcher.java:56)
	com.sun.javafx.event.EventDispatchChainImpl.dispatchEvent(EventDispatchChainImpl.java:114)
	com.sun.javafx.event.EventUtil.fireEventImpl(EventUtil.java:74)
	com.sun.javafx.event.EventUtil.fireEvent(EventUtil.java:49)
	javafx.stage.PopupWindow$PopupEventRedirector.handleKeyEvent(PopupWindow.java:1001)
	javafx.stage.PopupWindow$PopupEventRedirector.handleRedirectedEvent(PopupWindow.java:973)
	com.sun.javafx.event.EventRedirector.dispatchCapturingEvent(EventRedirector.java:106)
	com.sun.javafx.event.CompositeEventDispatcher.dispatchCapturingEvent(CompositeEventDispatcher.java:43)
	com.sun.javafx.event.BasicEventDispatcher.dispatchEvent(BasicEventDispatcher.java:52)
	com.sun.javafx.event.EventRedirector.redirectEvent(EventRedirector.java:124)
	com.sun.javafx.event.EventRedirector.dispatchCapturingEvent(EventRedirector.java:103)
	com.sun.javafx.event.CompositeEventDispatcher.dispatchCapturingEvent(CompositeEventDispatcher.java:43)
	com.sun.javafx.event.BasicEventDispatcher.dispatchEvent(BasicEventDispatcher.java:52)
	com.sun.javafx.event.EventDispatchChainImpl.dispatchEvent(EventDispatchChainImpl.java:114)
	com.sun.javafx.event.EventUtil.fireEventImpl(EventUtil.java:74)
	com.sun.javafx.event.EventUtil.fireEvent(EventUtil.java:54)
	javafx.event.Event.fireEvent(Event.java:198)
	javafx.scene.Scene$KeyHandler.process(Scene.java:4064)
	javafx.scene.Scene.processKeyEvent(Scene.java:2123)
	javafx.scene.Scene$ScenePeerListener.keyEvent(Scene.java:2591)
	com.sun.javafx.tk.quantum.GlassViewEventHandler$KeyEventNotification.run(GlassViewEventHandler.java:217)
	com.sun.javafx.tk.quantum.GlassViewEventHandler$KeyEventNotification.run(GlassViewEventHandler.java:149)
	java.base/java.security.AccessController.doPrivileged(Native Method)
	com.sun.javafx.tk.quantum.GlassViewEventHandler.lambda$handleKeyEvent$1(GlassViewEventHandler.java:248)
	com.sun.javafx.tk.quantum.QuantumToolkit.runWithoutRenderLock(QuantumToolkit.java:412)
	com.sun.javafx.tk.quantum.GlassViewEventHandler.handleKeyEvent(GlassViewEventHandler.java:247)
	com.sun.glass.ui.View.handleKeyEvent(View.java:547)
	com.sun.glass.ui.View.notifyKey(View.java:971)
	com.sun.glass.ui.gtk.GtkApplication._runLoop(Native Method)
	com.sun.glass.ui.gtk.GtkApplication.lambda$runLoop$11(GtkApplication.java:277)
	java.base/java.lang.Thread.run(Thread.java:829)

]]></system-err>
</testsuite>
